<?xml version="1.0" encoding="UTF-8"?>
<testng-results ignored="0" total="1" passed="1" failed="0" skipped="0">
  <reporter-output>
  </reporter-output>
  <suite started-at="2025-11-28T16:23:18 IST" name="Automation Suite" finished-at="2025-11-28T16:23:30 IST" duration-ms="12032">
    <groups>
    </groups>
    <test started-at="2025-11-28T16:23:18 IST" name="UI Tests" finished-at="2025-11-28T16:23:30 IST" duration-ms="12032">
      <class name="tests.LoginTest">
        <test-method is-config="true" signature="setupExtent()[pri:0, instance:tests.LoginTest@5f9678e1]" started-at="2025-11-28T16:23:18 IST" name="setupExtent" finished-at="2025-11-28T16:23:18 IST" duration-ms="120" status="PASS">
          <reporter-output>
          </reporter-output>
        </test-method> <!-- setupExtent -->
        <test-method is-config="true" signature="setup()[pri:0, instance:tests.LoginTest@5f9678e1]" started-at="2025-11-28T16:23:18 IST" name="setup" finished-at="2025-11-28T16:23:19 IST" duration-ms="1543" status="PASS">
          <reporter-output>
          </reporter-output>
        </test-method> <!-- setup -->
        <test-method signature="fullFlowTest()[pri:0, instance:tests.LoginTest@5f9678e1]" started-at="2025-11-28T16:23:19 IST" name="fullFlowTest" finished-at="2025-11-28T16:23:29 IST" duration-ms="9968" status="PASS">
          <reporter-output>
          </reporter-output>
        </test-method> <!-- fullFlowTest -->
        <test-method is-config="true" signature="teardown()[pri:0, instance:tests.LoginTest@5f9678e1]" started-at="2025-11-28T16:23:29 IST" name="teardown" finished-at="2025-11-28T16:23:30 IST" duration-ms="488" status="PASS">
          <reporter-output>
          </reporter-output>
        </test-method> <!-- teardown -->
      </class> <!-- tests.LoginTest -->
    </test> <!-- UI Tests -->
  </suite> <!-- Automation Suite -->
</testng-results>
